<?xml version="1.0" encoding="UTF-8"?>
<testsuite name="demo.Smoke" tests="5" skipped="0" failures="0" errors="0" timestamp="2020-07-19T08:49:32" hostname="LAPTOP-VM3AER1A" time="0.008">
  <properties/>
  <testcase name="loginWithWrongPassword" classname="demo.Smoke" time="0.0"/>
  <testcase name="loginWithWrongUser" classname="demo.Smoke" time="0.0"/>
  <testcase name="modifyPassword" classname="demo.Smoke" time="0.0"/>
  <testcase name="normalLogin" classname="demo.Smoke" time="0.0"/>
  <testcase name="repeatLogin" classname="demo.Smoke" time="0.0"/>
  <system-out><![CDATA[test loginWithWrongPassword starts......
test [Ljava.lang.Object;@631f203d
test loginWithWrongPassword status: 1
test loginWithWrongUser starts......
test [Ljava.lang.Object;@26ee64bf
test loginWithWrongUser status: 1
test modifyPassword starts......
test [Ljava.lang.Object;@527043d1
test modifyPassword status: 1
test normalLogin starts......
test [Ljava.lang.Object;@51b1afb3
test normalLogin status: 1
test repeatLogin starts......
test [Ljava.lang.Object;@6d764ec0
test repeatLogin status: 1
]]></system-out>
  <system-err><![CDATA[]]></system-err>
</testsuite>
