<?xml version="1.0" encoding="UTF-8"?>
<testsuite name="sortTest" tests="3" skipped="0" failures="0" errors="0" timestamp="2020-07-19T08:49:32" hostname="LAPTOP-VM3AER1A" time="0.008">
  <properties/>
  <testcase name="testBubbleSort[0](7,1,2,1,5,3,9,8,6)" classname="sortTest" time="0.008"/>
  <testcase name="testBubbleSort[1](100,90,80,70,60,54,43,32,11)" classname="sortTest" time="0.0"/>
  <testcase name="testBubbleSort[2](1,2,3,4,5,6,7,8,11)" classname="sortTest" time="0.0"/>
  <system-out><![CDATA[test testBubbleSort starts......
test [Ljava.lang.Object;@3c19cb98
split:[7, 1, 2, 1, 5, 3, 9, 8, 6]
src:[7, 1, 2, 1, 5, 3, 9, 8, 6]
count=11
target:[1, 1, 2, 3, 5, 6, 7, 8, 9]
test testBubbleSort status: 1
test testBubbleSort starts......
test [Ljava.lang.Object;@23ab4a61
split:[100, 90, 80, 70, 60, 54, 43, 32, 11]
src:[100, 90, 80, 70, 60, 54, 43, 32, 11]
count=36
target:[11, 32, 43, 54, 60, 70, 80, 90, 100]
test testBubbleSort status: 1
test testBubbleSort starts......
test [Ljava.lang.Object;@7778b82d
split:[1, 2, 3, 4, 5, 6, 7, 8, 11]
src:[1, 2, 3, 4, 5, 6, 7, 8, 11]
count=0
target:[1, 2, 3, 4, 5, 6, 7, 8, 11]
test testBubbleSort status: 1
]]></system-out>
  <system-err><![CDATA[]]></system-err>
</testsuite>
