<?xml version="1.0" encoding="UTF-8"?>
<testsuite name="ItemTest" tests="14" skipped="0" failures="0" errors="0" timestamp="2020-07-19T08:49:31" hostname="LAPTOP-VM3AER1A" time="0.056">
  <properties/>
  <testcase name="testBinarySearch" classname="ItemTest" time="0.008"/>
  <testcase name="testConverStringToInt" classname="ItemTest" time="0.0"/>
  <testcase name="testConvertDecimalToBinary" classname="ItemTest" time="0.0"/>
  <testcase name="testDateUtil" classname="ItemTest" time="0.016"/>
  <testcase name="testDivide" classname="ItemTest" time="0.0"/>
  <testcase name="testLenghtOfLongestSubstring" classname="ItemTest" time="0.0"/>
  <testcase name="testOverHalf" classname="ItemTest" time="0.0"/>
  <testcase name="testPrime" classname="ItemTest" time="0.0"/>
  <testcase name="testReverse" classname="ItemTest" time="0.0"/>
  <testcase name="testReverseInt" classname="ItemTest" time="0.008"/>
  <testcase name="testSerializeDeepCopy" classname="ItemTest" time="0.008"/>
  <testcase name="testSymmetric" classname="ItemTest" time="0.008"/>
  <testcase name="testTwoSum" classname="ItemTest" time="0.0"/>
  <testcase name="testisPalindromicNumber" classname="ItemTest" time="0.0"/>
  <system-out><![CDATA[test testBinarySearch starts......
test [Ljava.lang.Object;@39571490
-1
test testBinarySearch status: 1
test testConverStringToInt starts......
test [Ljava.lang.Object;@2d2a607d
test testConverStringToInt status: 1
test testConvertDecimalToBinary starts......
test [Ljava.lang.Object;@f77636f
11101
test testConvertDecimalToBinary status: 1
test testDateUtil starts......
test [Ljava.lang.Object;@16cfeb73
355   710   1076   1431   1786   2141   2507   2862   3217   3572   3938   4293   4648   5003   5369   5724   6079   6434   6800   7155   7510   7865   8231   8586   8941   9296   9662   10017   10372   10727   11093   11448   11803   12158   12524   12879   13234   13589   13955   14310   14665   15020   15386   15741   16096   16451   16817   17172   17527   17882   18248   18603   18958   19313   19679   20034   20389   20744   21110   21465   21820   22175   22541   22896   23251   23606   23972   24327   24682   25037   25403   25758   26113   26468   26834   27189   27544   27899   28265   28620   28975   29330   29696   30051   30406   30761   31127   31482   31837   32192   32558   32913   33268   33623   33989   34344   34699   35054   35420   35775   36130   
1999-2-11
test testDateUtil status: 1
test testDivide starts......
test [Ljava.lang.Object;@2497b3a3
aczBEF
BEFacz
bcfdabcEFGWSD
test testDivide status: 1
test testLenghtOfLongestSubstring starts......
test [Ljava.lang.Object;@7410ad57
4
3
1
test testLenghtOfLongestSubstring status: 1
test testOverHalf starts......
test [Ljava.lang.Object;@4f109bd
-1
test testOverHalf status: 1
test testPrime starts......
test [Ljava.lang.Object;@7669cfcc
[2, 3, 5]
[2, 3, 5, 7, 11, 13, 17, 19]
test testPrime status: 1
test testReverse starts......
test [Ljava.lang.Object;@726b4afc
1

21
654321
test testReverse status: 1
test testReverseInt starts......
test [Ljava.lang.Object;@58b7a113
x=123000
inverted x=321
x=-123000
x=123000
inverted x=321
x=1
inverted x=1
x=99998
inverted x=89999
x=2147483646
inverted x=6463847412
test testReverseInt status: 1
test testSerializeDeepCopy starts......
test [Ljava.lang.Object;@7e018cac
test testSerializeDeepCopy status: 1
test testSymmetric starts......
test [Ljava.lang.Object;@7e43fb97
1
2
3
4
5
6
7
8
9
11
22
33
44
55
66
77
88
99
test testSymmetric status: 1
test testTwoSum starts......
test [Ljava.lang.Object;@48933090
[4, 5]
test testTwoSum status: 1
test testisPalindromicNumber starts......
test [Ljava.lang.Object;@39fbcedd
test testisPalindromicNumber status: 1
]]></system-out>
  <system-err><![CDATA[]]></system-err>
</testsuite>
