<?xml version="1.0" encoding="UTF-8"?>
<testsuite name="LCS.LCSTest" tests="2" skipped="0" failures="0" errors="0" timestamp="2020-07-19T08:49:32" hostname="LAPTOP-VM3AER1A" time="0.024">
  <properties/>
  <testcase name="testDPLCS" classname="LCS.LCSTest" time="0.016"/>
  <testcase name="testRecursiveLCS" classname="LCS.LCSTest" time="0.008"/>
  <system-out><![CDATA[test testDPLCS starts......
test [Ljava.lang.Object;@a88897c
4 4 4 4 4 4 4 4 4 
1 3 3 3 3 3 3 3 3 
2 4 4 1 3 3 3 3 3 
2 1 3 4 4 4 4 4 4 
2 2 4 4 4 1 3 3 3 
2 2 1 3 3 4 1 3 3 
2 2 1 4 4 4 1 4 4 
2 2 2 4 1 3 4 1 3 
34678
35778
35678
recursive runned 5723 times
dp runned 90 times
test testDPLCS status: 1
test testRecursiveLCS starts......
test [Ljava.lang.Object;@7f552723
recursive runned 5723 times
test testRecursiveLCS status: 1
]]></system-out>
  <system-err><![CDATA[]]></system-err>
</testsuite>
